[ 2017-11-16T09:19:02+08:00 ] 127.0.0.1 /
INFO: [ app_init ] --START--
INFO: [ app_init ] --END-- [ RunTime:0.001000s ]
INFO: [ app_begin ] --START--
INFO: Run Behavior\ReadHtmlCache [ RunTime:0.000000s ]
INFO: Run Behavior\ReadHtmlCache [ RunTime:0.000000s ]
INFO: Run Behavior\CheckLang [ RunTime:0.001000s ]
INFO: [ app_begin ] --END-- [ RunTime:0.001000s ]
INFO: [ action_begin ] --START--
INFO: [ action_begin ] --END-- [ RunTime:0.000000s ]
NOTIC: [8192] mysql_connect(): The mysql extension is deprecated and will be removed in the future: use mysqli or PDO instead D:\phpStudy\WWW\mingyou\Firame\Library\Think\Db\Driver\Mysql.class.php 第 53 行.
NOTIC: [2] mysql_connect(): Access denied for user 'root'@'localhost' (using password: YES) D:\phpStudy\WWW\mingyou\Firame\Library\Think\Db\Driver\Mysql.class.php 第 53 行.
ERR: Access denied for user 'root'@'localhost' (using password: YES)

[ 2017-11-16T09:19:29+08:00 ] 127.0.0.1 /
INFO: [ app_init ] --START--
INFO: [ app_init ] --END-- [ RunTime:0.000000s ]
INFO: [ app_begin ] --START--
INFO: Run Behavior\ReadHtmlCache [ RunTime:0.000000s ]
INFO: Run Behavior\ReadHtmlCache [ RunTime:0.000000s ]
INFO: Run Behavior\CheckLang [ RunTime:0.001000s ]
INFO: [ app_begin ] --END-- [ RunTime:0.001000s ]
INFO: [ action_begin ] --START--
INFO: [ action_begin ] --END-- [ RunTime:0.000000s ]
NOTIC: [8192] mysql_connect(): The mysql extension is deprecated and will be removed in the future: use mysqli or PDO instead D:\phpStudy\WWW\mingyou\Firame\Library\Think\Db\Driver\Mysql.class.php 第 53 行.
SQL: SHOW COLUMNS FROM `yw_articles` [ RunTime:0.002000s ]
SQL: SHOW COLUMNS FROM `yw_articles_category` [ RunTime:0.002000s ]
SQL: SELECT * FROM `yw_articles_category` WHERE ( isindex=1 ) ORDER BY category_sort desc,category_id desc  [ RunTime:0.000000s ]
INFO: [ view_begin ] --START--
INFO: [ view_begin ] --END-- [ RunTime:0.000000s ]
INFO: [ view_parse ] --START--
NOTIC: [2] rename(D:/phpStudy/WWW/mingyou/Runtime/Cache\wrt5a0ce7a1dc802,D:/phpStudy/WWW/mingyou/Runtime/Cache\c0d718eac5390374fb87fdabde0964764a61013f.file.index.html.php):  D:\phpStudy\WWW\mingyou\Firame\Library\Vendor\Smarty\sysplugins\smarty_internal_write_file.php 第 52 行.
ERR: unable to write file D:/phpStudy/WWW/mingyou/Runtime/Cache\c0d718eac5390374fb87fdabde0964764a61013f.file.index.html.php

[ 2017-11-16T09:19:31+08:00 ] 127.0.0.1 /
INFO: [ app_init ] --START--
INFO: [ app_init ] --END-- [ RunTime:0.000000s ]
INFO: [ app_begin ] --START--
INFO: Run Behavior\ReadHtmlCache [ RunTime:0.000000s ]
INFO: Run Behavior\ReadHtmlCache [ RunTime:0.000000s ]
INFO: Run Behavior\CheckLang [ RunTime:0.001000s ]
INFO: [ app_begin ] --END-- [ RunTime:0.001000s ]
INFO: [ action_begin ] --START--
INFO: [ action_begin ] --END-- [ RunTime:0.000000s ]
NOTIC: [8192] mysql_connect(): The mysql extension is deprecated and will be removed in the future: use mysqli or PDO instead D:\phpStudy\WWW\mingyou\Firame\Library\Think\Db\Driver\Mysql.class.php 第 53 行.
SQL: SHOW COLUMNS FROM `yw_articles` [ RunTime:0.018001s ]
SQL: SHOW COLUMNS FROM `yw_articles_category` [ RunTime:0.002000s ]
SQL: SELECT * FROM `yw_articles_category` WHERE ( isindex=1 ) ORDER BY category_sort desc,category_id desc  [ RunTime:0.000000s ]
INFO: [ view_begin ] --START--
INFO: [ view_begin ] --END-- [ RunTime:0.000000s ]
INFO: [ view_parse ] --START--
NOTIC: [2] filemtime(): stat failed for D:/phpStudy/WWW/mingyou/Runtime/Cache\c0d718eac5390374fb87fdabde0964764a61013f.file.index.html.php D:\phpStudy\WWW\mingyou\Firame\Library\Vendor\Smarty\sysplugins\smarty_resource.php 第 683 行.
NOTIC: [2] unlink(D:/phpStudy/WWW/mingyou/Runtime/Cache\c0d718eac5390374fb87fdabde0964764a61013f.file.index.html.php): No such file or directory D:\phpStudy\WWW\mingyou\Firame\Library\Vendor\Smarty\sysplugins\smarty_internal_write_file.php 第 49 行.
INFO: Run Behavior\ParseTemplate [ RunTime:0.041002s ]
INFO: [ view_parse ] --END-- [ RunTime:0.042002s ]
INFO: [ view_filter ] --START--
INFO: Run Behavior\WriteHtmlCache [ RunTime:0.000000s ]
INFO: [ view_filter ] --END-- [ RunTime:0.000000s ]
INFO: [ view_end ] --START--
INFO: [ view_end ] --END-- [ RunTime:0.000000s ]
INFO: [ app_end ] --START--
INFO: Run Behavior\ShowPageTrace [ RunTime:0.000000s ]
INFO: [ app_end ] --END-- [ RunTime:0.000000s ]

[ 2017-11-16T09:19:31+08:00 ] 127.0.0.1 /index.php/Home/index/main
INFO: [ app_init ] --START--
INFO: [ app_init ] --END-- [ RunTime:0.001000s ]
INFO: [ path_info ] --START--
INFO: [ path_info ] --END-- [ RunTime:0.000000s ]
INFO: [ app_begin ] --START--
INFO: Run Behavior\ReadHtmlCache [ RunTime:0.000000s ]
INFO: Run Behavior\ReadHtmlCache [ RunTime:0.000000s ]
INFO: Run Behavior\CheckLang [ RunTime:0.002000s ]
INFO: [ app_begin ] --END-- [ RunTime:0.002000s ]
INFO: [ action_begin ] --START--
INFO: [ action_begin ] --END-- [ RunTime:0.000000s ]
NOTIC: [8192] mysql_connect(): The mysql extension is deprecated and will be removed in the future: use mysqli or PDO instead D:\phpStudy\WWW\mingyou\Firame\Library\Think\Db\Driver\Mysql.class.php 第 53 行.
SQL: SHOW COLUMNS FROM `yw_articles` [ RunTime:0.003001s ]
SQL: SELECT * FROM `yw_articles` left join yw_images on yw_articles.id=yw_images.article_id WHERE ( yw_articles.category_id=15 and yw_articles.status=0 ) ORDER BY yw_articles.sort desc, yw_articles.id desc  [ RunTime:0.003000s ]
SQL: SELECT * FROM `yw_articles` left join yw_images on yw_articles.id=yw_images.article_id WHERE ( yw_articles.category_id=5 and yw_articles.status=0 ) ORDER BY yw_articles.sort desc, yw_articles.id desc  [ RunTime:0.000000s ]
SQL: SELECT * FROM `yw_articles` WHERE ( category_id=7 )  [ RunTime:0.000000s ]
INFO: [ view_begin ] --START--
INFO: [ view_begin ] --END-- [ RunTime:0.000000s ]
INFO: [ view_parse ] --START--
INFO: Run Behavior\ParseTemplate [ RunTime:0.064004s ]
INFO: [ view_parse ] --END-- [ RunTime:0.064004s ]
INFO: [ view_filter ] --START--
INFO: Run Behavior\WriteHtmlCache [ RunTime:0.000000s ]
INFO: [ view_filter ] --END-- [ RunTime:0.000000s ]
INFO: [ view_end ] --START--
INFO: [ view_end ] --END-- [ RunTime:0.000000s ]
INFO: [ app_end ] --START--
INFO: Run Behavior\ShowPageTrace [ RunTime:0.000000s ]
INFO: [ app_end ] --END-- [ RunTime:0.000000s ]

[ 2017-11-16T09:19:32+08:00 ] 127.0.0.1 /
INFO: [ app_init ] --START--
INFO: [ app_init ] --END-- [ RunTime:0.001000s ]
INFO: [ app_begin ] --START--
INFO: Run Behavior\ReadHtmlCache [ RunTime:0.000000s ]
INFO: Run Behavior\ReadHtmlCache [ RunTime:0.000000s ]
INFO: Run Behavior\CheckLang [ RunTime:0.003001s ]
INFO: [ app_begin ] --END-- [ RunTime:0.003001s ]
INFO: [ action_begin ] --START--
INFO: [ action_begin ] --END-- [ RunTime:0.000000s ]
NOTIC: [8192] mysql_connect(): The mysql extension is deprecated and will be removed in the future: use mysqli or PDO instead D:\phpStudy\WWW\mingyou\Firame\Library\Think\Db\Driver\Mysql.class.php 第 53 行.
SQL: SHOW COLUMNS FROM `yw_articles` [ RunTime:0.003000s ]
SQL: SHOW COLUMNS FROM `yw_articles_category` [ RunTime:0.003000s ]
SQL: SELECT * FROM `yw_articles_category` WHERE ( isindex=1 ) ORDER BY category_sort desc,category_id desc  [ RunTime:0.001000s ]
INFO: [ view_begin ] --START--
INFO: [ view_begin ] --END-- [ RunTime:0.000000s ]
INFO: [ view_parse ] --START--
INFO: Run Behavior\ParseTemplate [ RunTime:0.007000s ]
INFO: [ view_parse ] --END-- [ RunTime:0.007000s ]
INFO: [ view_filter ] --START--
INFO: Run Behavior\WriteHtmlCache [ RunTime:0.000000s ]
INFO: [ view_filter ] --END-- [ RunTime:0.000000s ]
INFO: [ view_end ] --START--
INFO: [ view_end ] --END-- [ RunTime:0.000000s ]
INFO: [ app_end ] --START--
INFO: Run Behavior\ShowPageTrace [ RunTime:0.000000s ]
INFO: [ app_end ] --END-- [ RunTime:0.000000s ]

[ 2017-11-16T09:19:32+08:00 ] 127.0.0.1 /index.php/Home/index/main
INFO: [ app_init ] --START--
INFO: [ app_init ] --END-- [ RunTime:0.001000s ]
INFO: [ path_info ] --START--
INFO: [ path_info ] --END-- [ RunTime:0.000000s ]
INFO: [ app_begin ] --START--
INFO: Run Behavior\ReadHtmlCache [ RunTime:0.000000s ]
INFO: Run Behavior\ReadHtmlCache [ RunTime:0.000000s ]
INFO: Run Behavior\CheckLang [ RunTime:0.001000s ]
INFO: [ app_begin ] --END-- [ RunTime:0.001000s ]
INFO: [ action_begin ] --START--
INFO: [ action_begin ] --END-- [ RunTime:0.000000s ]
NOTIC: [8192] mysql_connect(): The mysql extension is deprecated and will be removed in the future: use mysqli or PDO instead D:\phpStudy\WWW\mingyou\Firame\Library\Think\Db\Driver\Mysql.class.php 第 53 行.
SQL: SHOW COLUMNS FROM `yw_articles` [ RunTime:0.002000s ]
SQL: SELECT * FROM `yw_articles` left join yw_images on yw_articles.id=yw_images.article_id WHERE ( yw_articles.category_id=15 and yw_articles.status=0 ) ORDER BY yw_articles.sort desc, yw_articles.id desc  [ RunTime:0.002000s ]
SQL: SELECT * FROM `yw_articles` left join yw_images on yw_articles.id=yw_images.article_id WHERE ( yw_articles.category_id=5 and yw_articles.status=0 ) ORDER BY yw_articles.sort desc, yw_articles.id desc  [ RunTime:0.000000s ]
SQL: SELECT * FROM `yw_articles` WHERE ( category_id=7 )  [ RunTime:0.001000s ]
INFO: [ view_begin ] --START--
INFO: [ view_begin ] --END-- [ RunTime:0.000000s ]
INFO: [ view_parse ] --START--
INFO: Run Behavior\ParseTemplate [ RunTime:0.007001s ]
INFO: [ view_parse ] --END-- [ RunTime:0.007001s ]
INFO: [ view_filter ] --START--
INFO: Run Behavior\WriteHtmlCache [ RunTime:0.000000s ]
INFO: [ view_filter ] --END-- [ RunTime:0.000000s ]
INFO: [ view_end ] --START--
INFO: [ view_end ] --END-- [ RunTime:0.000000s ]
INFO: [ app_end ] --START--
INFO: Run Behavior\ShowPageTrace [ RunTime:0.000000s ]
INFO: [ app_end ] --END-- [ RunTime:0.000000s ]

